2022-58-20 12:58:27.555 [main] TRACE mp2.sandbox.App - This is a trace message
2022-58-20 12:58:27.555 [main] INFO  mp2.sandbox.App - This is an info message
2022-58-20 12:58:27.555 [main] WARN  mp2.sandbox.App - This is an error message
2022-58-20 12:58:27.557 [main] ERROR mp2.sandbox.App - This is an error message with format: 3 != 5
2022-58-20 12:58:27.557 [main] FATAL mp2.sandbox.App - This is an fatal msg
2022-06-20 13:06:58.843 [main] TRACE mp2.sandbox.App - This is a trace message
2022-06-20 13:06:58.855 [main] INFO  mp2.sandbox.App - This is an info message
2022-06-20 13:06:58.855 [main] WARN  mp2.sandbox.App - This is an error message
2022-06-20 13:06:58.876 [main] ERROR mp2.sandbox.App - This is an error message with format: 3 != 5
2022-06-20 13:06:58.877 [main] FATAL mp2.sandbox.App - This is an fatal msg
2022-09-20 13:09:20.611 [main] TRACE mp2.sandbox.App - This is a trace message
2022-09-20 13:09:20.611 [main] INFO  mp2.sandbox.App - This is an info message
2022-09-20 13:09:20.611 [main] WARN  mp2.sandbox.App - This is an error message
2022-09-20 13:09:20.613 [main] ERROR mp2.sandbox.App - This is an error message with format: 3 != 5
2022-09-20 13:09:20.613 [main] FATAL mp2.sandbox.App - This is an fatal msg
2022-16-20 13:16:25.459 [main] TRACE mp2.sandbox.App - This is a trace message
2022-16-20 13:16:25.459 [main] INFO  mp2.sandbox.App - This is an info message
2022-16-20 13:16:25.459 [main] WARN  mp2.sandbox.App - This is an error message
2022-16-20 13:16:25.461 [main] ERROR mp2.sandbox.App - This is an error message with format: 3 != 5
2022-16-20 13:16:25.461 [main] FATAL mp2.sandbox.App - This is an fatal msg
2022-16-20 13:16:25.510 [main] INFO  mp2.sandbox.App - Parsed successfully!
2022-16-20 13:16:25.510 [main] INFO  mp2.sandbox.App - Name: MP2 homework
2022-16-20 13:16:25.510 [main] INFO  mp2.sandbox.App - Authors: {}
2022-16-20 13:16:25.510 [main] INFO  mp2.sandbox.App - Due date: 0
2022-16-20 13:16:51.125 [main] TRACE mp2.sandbox.App - This is a trace message
2022-16-20 13:16:51.125 [main] INFO  mp2.sandbox.App - This is an info message
2022-16-20 13:16:51.125 [main] WARN  mp2.sandbox.App - This is an error message
2022-16-20 13:16:51.127 [main] ERROR mp2.sandbox.App - This is an error message with format: 3 != 5
2022-16-20 13:16:51.127 [main] FATAL mp2.sandbox.App - This is an fatal msg
2022-16-20 13:16:51.171 [main] INFO  mp2.sandbox.App - Parsed successfully!
2022-16-20 13:16:51.171 [main] INFO  mp2.sandbox.App - Name: MP2 homework
2022-16-20 13:16:51.171 [main] INFO  mp2.sandbox.App - Authors: {}
2022-16-20 13:16:51.171 [main] INFO  mp2.sandbox.App - Due date: 924
2022-17-20 13:17:11.018 [main] TRACE mp2.sandbox.App - This is a trace message
2022-17-20 13:17:11.018 [main] INFO  mp2.sandbox.App - This is an info message
2022-17-20 13:17:11.018 [main] WARN  mp2.sandbox.App - This is an error message
2022-17-20 13:17:11.021 [main] ERROR mp2.sandbox.App - This is an error message with format: 3 != 5
2022-17-20 13:17:11.021 [main] FATAL mp2.sandbox.App - This is an fatal msg
2022-17-20 13:17:11.065 [main] INFO  mp2.sandbox.App - Parsed successfully!
2022-17-20 13:17:11.065 [main] INFO  mp2.sandbox.App - Name: MP2 homework
2022-17-20 13:17:11.065 [main] ERROR mp2.sandbox.App - Some error when playing json! null
2022-17-20 13:17:25.131 [main] TRACE mp2.sandbox.App - This is a trace message
2022-17-20 13:17:25.131 [main] INFO  mp2.sandbox.App - This is an info message
2022-17-20 13:17:25.131 [main] WARN  mp2.sandbox.App - This is an error message
2022-17-20 13:17:25.133 [main] ERROR mp2.sandbox.App - This is an error message with format: 3 != 5
2022-17-20 13:17:25.133 [main] FATAL mp2.sandbox.App - This is an fatal msg
2022-17-20 13:17:25.181 [main] INFO  mp2.sandbox.App - Parsed successfully!
2022-17-20 13:17:25.181 [main] INFO  mp2.sandbox.App - Name: MP2 homework
2022-17-20 13:17:25.181 [main] INFO  mp2.sandbox.App - Authors: Vincent
2022-17-20 13:17:25.181 [main] INFO  mp2.sandbox.App - Due date: 924
2022-17-20 13:17:33.267 [main] TRACE mp2.sandbox.App - This is a trace message
2022-17-20 13:17:33.267 [main] INFO  mp2.sandbox.App - This is an info message
2022-17-20 13:17:33.267 [main] WARN  mp2.sandbox.App - This is an error message
2022-17-20 13:17:33.269 [main] ERROR mp2.sandbox.App - This is an error message with format: 3 != 5
2022-17-20 13:17:33.269 [main] FATAL mp2.sandbox.App - This is an fatal msg
2022-17-20 13:17:33.319 [main] INFO  mp2.sandbox.App - Parsed successfully!
2022-17-20 13:17:33.319 [main] INFO  mp2.sandbox.App - Name: MP2 homework
2022-17-20 13:17:33.319 [main] INFO  mp2.sandbox.App - Authors: Vincent
2022-17-20 13:17:33.319 [main] INFO  mp2.sandbox.App - Due date: 924
2022-17-20 13:17:39.040 [main] TRACE mp2.sandbox.App - This is a trace message
2022-17-20 13:17:39.040 [main] INFO  mp2.sandbox.App - This is an info message
2022-17-20 13:17:39.040 [main] WARN  mp2.sandbox.App - This is an error message
2022-17-20 13:17:39.042 [main] ERROR mp2.sandbox.App - This is an error message with format: 3 != 5
2022-17-20 13:17:39.042 [main] FATAL mp2.sandbox.App - This is an fatal msg
2022-17-20 13:17:39.086 [main] INFO  mp2.sandbox.App - Parsed successfully!
2022-17-20 13:17:39.086 [main] INFO  mp2.sandbox.App - Name: MP2 homework
2022-17-20 13:17:39.086 [main] INFO  mp2.sandbox.App - Authors: Vincent
2022-17-20 13:17:39.086 [main] INFO  mp2.sandbox.App - Due date: 924
2022-17-20 13:17:53.207 [main] TRACE mp2.sandbox.App - This is a trace message
2022-17-20 13:17:53.207 [main] INFO  mp2.sandbox.App - This is an info message
2022-17-20 13:17:53.207 [main] WARN  mp2.sandbox.App - This is an error message
2022-17-20 13:17:53.210 [main] ERROR mp2.sandbox.App - This is an error message with format: 3 != 5
2022-17-20 13:17:53.210 [main] FATAL mp2.sandbox.App - This is an fatal msg
2022-17-20 13:17:53.253 [main] INFO  mp2.sandbox.App - Parsed successfully!
2022-17-20 13:17:53.254 [main] INFO  mp2.sandbox.App - Name: MP2 homework
2022-17-20 13:17:53.254 [main] INFO  mp2.sandbox.App - Authors: [Ljava.lang.String;@480d3575
2022-17-20 13:17:53.254 [main] INFO  mp2.sandbox.App - Due date: 924
2022-18-20 13:18:36.769 [main] TRACE mp2.sandbox.App - This is a trace message
2022-18-20 13:18:36.769 [main] INFO  mp2.sandbox.App - This is an info message
2022-18-20 13:18:36.769 [main] WARN  mp2.sandbox.App - This is an error message
2022-18-20 13:18:36.772 [main] ERROR mp2.sandbox.App - This is an error message with format: 3 != 5
2022-18-20 13:18:36.772 [main] FATAL mp2.sandbox.App - This is an fatal msg
2022-18-20 13:18:36.824 [main] INFO  mp2.sandbox.App - Parsed successfully!
2022-18-20 13:18:36.824 [main] INFO  mp2.sandbox.App - Name: MP2 homework
2022-18-20 13:18:36.824 [main] INFO  mp2.sandbox.App - Authors: [Vincent, Phani]
2022-18-20 13:18:36.824 [main] INFO  mp2.sandbox.App - Due date: 924
2022-43-20 15:43:01.935 [main] TRACE mp2.sandbox.App - This is a trace message
2022-43-20 15:43:01.935 [main] INFO  mp2.sandbox.App - This is an info message
2022-43-20 15:43:01.935 [main] WARN  mp2.sandbox.App - This is an error message
2022-43-20 15:43:01.937 [main] ERROR mp2.sandbox.App - This is an error message with format: 3 != 5
2022-43-20 15:43:01.937 [main] FATAL mp2.sandbox.App - This is an fatal msg
2022-43-20 15:43:01.985 [main] INFO  mp2.sandbox.App - Parsed successfully!
2022-43-20 15:43:01.986 [main] INFO  mp2.sandbox.App - Name: MP2 homework
2022-43-20 15:43:01.986 [main] INFO  mp2.sandbox.App - Authors: [Vincent, Phani]
2022-43-20 15:43:01.986 [main] INFO  mp2.sandbox.App - Due date: 924
2022-43-20 15:43:01.986 [main] INFO  mp2.sandbox.App - Current is 1663706581986
2022-03-21 00:03:10.781 [main] TRACE mp2.sandbox.App - This is a trace message
2022-03-21 00:03:10.781 [main] INFO  mp2.sandbox.App - This is an info message
2022-03-21 00:03:10.781 [main] WARN  mp2.sandbox.App - This is an error message
2022-03-21 00:03:10.784 [main] ERROR mp2.sandbox.App - This is an error message with format: 3 != 5
2022-03-21 00:03:10.784 [main] FATAL mp2.sandbox.App - This is an fatal msg
2022-03-21 00:03:10.837 [main] INFO  mp2.sandbox.App - Parsed successfully!
2022-03-21 00:03:10.837 [main] INFO  mp2.sandbox.App - Name: MP2 homework
2022-03-21 00:03:10.837 [main] INFO  mp2.sandbox.App - Authors: [Vincent, Phani]
2022-03-21 00:03:10.837 [main] INFO  mp2.sandbox.App - Due date: 924
2022-03-21 00:03:10.837 [main] INFO  mp2.sandbox.App - Current is 1663736590837
2022-03-21 00:03:52.689 [main] TRACE mp2.sandbox.App - This is a trace message
2022-03-21 00:03:52.689 [main] INFO  mp2.sandbox.App - This is an info message
2022-03-21 00:03:52.689 [main] WARN  mp2.sandbox.App - This is an error message
2022-03-21 00:03:52.692 [main] ERROR mp2.sandbox.App - This is an error message with format: 3 != 5
2022-03-21 00:03:52.692 [main] FATAL mp2.sandbox.App - This is an fatal msg
2022-03-21 00:03:52.734 [main] INFO  mp2.sandbox.App - Parsed successfully!
2022-03-21 00:03:52.734 [main] INFO  mp2.sandbox.App - Name: MP2 homework
2022-03-21 00:03:52.734 [main] INFO  mp2.sandbox.App - Authors: [Vincent, Phani]
2022-03-21 00:03:52.734 [main] INFO  mp2.sandbox.App - Due date: 924
2022-03-21 00:03:52.734 [main] INFO  mp2.sandbox.App - Current is 1663736632734
2022-03-21 00:03:52.736 [main] INFO  mp2.sandbox.App - MEP info: 

Author: 42
TTL: 18
Memberlist:
    ringID 0: vm16 
    ringID 1: vm0 
    ringID 2: vm16 (monitor)
    ringID 3: vm0 
    ringID 4: vm16 (monitor)
    ringID 5: vm0 
    ringID 6: vm16 (monitor)
    ringID 7: vm0 
    ringID 8: vm16 
    ringID 9: vm0 


2022-05-21 00:05:17.517 [main] TRACE mp2.sandbox.App - This is a trace message
2022-05-21 00:05:17.517 [main] INFO  mp2.sandbox.App - This is an info message
2022-05-21 00:05:17.517 [main] WARN  mp2.sandbox.App - This is an error message
2022-05-21 00:05:17.519 [main] ERROR mp2.sandbox.App - This is an error message with format: 3 != 5
2022-05-21 00:05:17.519 [main] FATAL mp2.sandbox.App - This is an fatal msg
2022-05-21 00:05:17.573 [main] INFO  mp2.sandbox.App - Parsed successfully!
2022-05-21 00:05:17.573 [main] INFO  mp2.sandbox.App - Name: MP2 homework
2022-05-21 00:05:17.573 [main] INFO  mp2.sandbox.App - Authors: [Vincent, Phani]
2022-05-21 00:05:17.573 [main] INFO  mp2.sandbox.App - Due date: 924
2022-05-21 00:05:17.573 [main] INFO  mp2.sandbox.App - Current is 1663736717573
2022-05-21 00:05:17.575 [main] INFO  mp2.sandbox.App - MEP info: 

Author: -118
TTL: 18
Memberlist:
    ringID 0: vm16 
    ringID 1: vm0 
    ringID 2: vm16 (monitor)
    ringID 3: vm0 
    ringID 4: vm16 (monitor)
    ringID 5: vm0 
    ringID 6: vm16 (monitor)
    ringID 7: vm0 
    ringID 8: vm16 
    ringID 9: vm0 


2022-11-21 00:11:49.282 [main] TRACE mp2.sandbox.App - This is a trace message
2022-11-21 00:11:49.282 [main] INFO  mp2.sandbox.App - This is an info message
2022-11-21 00:11:49.282 [main] WARN  mp2.sandbox.App - This is an error message
2022-11-21 00:11:49.306 [main] ERROR mp2.sandbox.App - This is an error message with format: 3 != 5
2022-11-21 00:11:49.306 [main] FATAL mp2.sandbox.App - This is an fatal msg
2022-11-21 00:11:49.460 [main] INFO  mp2.sandbox.App - Parsed successfully!
2022-11-21 00:11:49.460 [main] INFO  mp2.sandbox.App - Name: MP2 homework
2022-11-21 00:11:49.460 [main] INFO  mp2.sandbox.App - Authors: [Vincent, Phani]
2022-11-21 00:11:49.460 [main] INFO  mp2.sandbox.App - Due date: 924
2022-11-21 00:11:49.460 [main] INFO  mp2.sandbox.App - Current is 1663737109460
2022-11-21 00:11:49.462 [main] TRACE mp2.shared.MEP - first byte: 10001010
2022-11-21 00:11:49.473 [main] INFO  mp2.sandbox.App - MEP info: 

Author: -118
TTL: 18
Memberlist:
    ringID 0: vm16 
    ringID 1: vm0 
    ringID 2: vm16 (monitor)
    ringID 3: vm0 
    ringID 4: vm16 (monitor)
    ringID 5: vm0 
    ringID 6: vm16 (monitor)
    ringID 7: vm0 
    ringID 8: vm16 
    ringID 9: vm0 


2022-12-21 00:12:32.348 [main] TRACE mp2.sandbox.App - This is a trace message
2022-12-21 00:12:32.348 [main] INFO  mp2.sandbox.App - This is an info message
2022-12-21 00:12:32.349 [main] WARN  mp2.sandbox.App - This is an error message
2022-12-21 00:12:32.354 [main] ERROR mp2.sandbox.App - This is an error message with format: 3 != 5
2022-12-21 00:12:32.354 [main] FATAL mp2.sandbox.App - This is an fatal msg
2022-12-21 00:12:32.399 [main] INFO  mp2.sandbox.App - Parsed successfully!
2022-12-21 00:12:32.399 [main] INFO  mp2.sandbox.App - Name: MP2 homework
2022-12-21 00:12:32.400 [main] INFO  mp2.sandbox.App - Authors: [Vincent, Phani]
2022-12-21 00:12:32.400 [main] INFO  mp2.sandbox.App - Due date: 924
2022-12-21 00:12:32.400 [main] INFO  mp2.sandbox.App - Current is 1663737152400
2022-12-21 00:12:32.401 [main] TRACE mp2.shared.MEP - first byte: 10100010
2022-12-21 00:12:32.402 [main] INFO  mp2.sandbox.App - MEP info: 

Author: -94
TTL: 18
Memberlist:
    ringID 0: vm16 
    ringID 1: vm0 
    ringID 2: vm16 (monitor)
    ringID 3: vm0 
    ringID 4: vm16 (monitor)
    ringID 5: vm0 
    ringID 6: vm16 (monitor)
    ringID 7: vm0 
    ringID 8: vm16 
    ringID 9: vm0 


2022-15-21 00:15:15.198 [main] TRACE mp2.sandbox.App - This is a trace message
2022-15-21 00:15:15.198 [main] INFO  mp2.sandbox.App - This is an info message
2022-15-21 00:15:15.198 [main] WARN  mp2.sandbox.App - This is an error message
2022-15-21 00:15:15.200 [main] ERROR mp2.sandbox.App - This is an error message with format: 3 != 5
2022-15-21 00:15:15.200 [main] FATAL mp2.sandbox.App - This is an fatal msg
2022-15-21 00:15:15.241 [main] INFO  mp2.sandbox.App - Parsed successfully!
2022-15-21 00:15:15.241 [main] INFO  mp2.sandbox.App - Name: MP2 homework
2022-15-21 00:15:15.241 [main] INFO  mp2.sandbox.App - Authors: [Vincent, Phani]
2022-15-21 00:15:15.241 [main] INFO  mp2.sandbox.App - Due date: 924
2022-15-21 00:15:15.241 [main] INFO  mp2.sandbox.App - Current is 1663737315241
2022-15-21 00:15:15.242 [main] TRACE mp2.shared.MEP - first byte: 10011010
2022-15-21 00:15:15.243 [main] INFO  mp2.sandbox.App - MEP info: 

Author: 249
TTL: 18
Memberlist:
    ringID 0: vm16 
    ringID 1: vm0 
    ringID 2: vm16 (monitor)
    ringID 3: vm0 
    ringID 4: vm16 (monitor)
    ringID 5: vm0 
    ringID 6: vm16 (monitor)
    ringID 7: vm0 
    ringID 8: vm16 
    ringID 9: vm0 


2022-16-21 00:16:34.075 [main] TRACE mp2.sandbox.App - This is a trace message
2022-16-21 00:16:34.075 [main] INFO  mp2.sandbox.App - This is an info message
2022-16-21 00:16:34.075 [main] WARN  mp2.sandbox.App - This is an error message
2022-16-21 00:16:34.077 [main] ERROR mp2.sandbox.App - This is an error message with format: 3 != 5
2022-16-21 00:16:34.078 [main] FATAL mp2.sandbox.App - This is an fatal msg
2022-16-21 00:16:34.121 [main] INFO  mp2.sandbox.App - Parsed successfully!
2022-16-21 00:16:34.122 [main] INFO  mp2.sandbox.App - Name: MP2 homework
2022-16-21 00:16:34.122 [main] INFO  mp2.sandbox.App - Authors: [Vincent, Phani]
2022-16-21 00:16:34.122 [main] INFO  mp2.sandbox.App - Due date: 924
2022-16-21 00:16:34.122 [main] INFO  mp2.sandbox.App - Current is 1663737394122
2022-16-21 00:16:34.123 [main] TRACE mp2.shared.MEP - first byte:   101000
2022-16-21 00:16:34.124 [main] INFO  mp2.sandbox.App - MEP info: 

Author: 2
TTL: 40
Memberlist:
    ringID 0: vm16 
    ringID 1: vm0 
    ringID 2: vm16 (monitor)
    ringID 3: vm0 
    ringID 4: vm16 (monitor)
    ringID 5: vm0 
    ringID 6: vm16 (monitor)
    ringID 7: vm0 
    ringID 8: vm16 
    ringID 9: vm0 


2022-18-21 00:18:16.223 [main] TRACE mp2.sandbox.App - This is a trace message
2022-18-21 00:18:16.223 [main] INFO  mp2.sandbox.App - This is an info message
2022-18-21 00:18:16.223 [main] WARN  mp2.sandbox.App - This is an error message
2022-18-21 00:18:16.226 [main] ERROR mp2.sandbox.App - This is an error message with format: 3 != 5
2022-18-21 00:18:16.226 [main] FATAL mp2.sandbox.App - This is an fatal msg
2022-18-21 00:18:16.268 [main] INFO  mp2.sandbox.App - Parsed successfully!
2022-18-21 00:18:16.268 [main] INFO  mp2.sandbox.App - Name: MP2 homework
2022-18-21 00:18:16.268 [main] INFO  mp2.sandbox.App - Authors: [Vincent, Phani]
2022-18-21 00:18:16.268 [main] INFO  mp2.sandbox.App - Due date: 924
2022-18-21 00:18:16.268 [main] INFO  mp2.sandbox.App - Current is 1663737496268
2022-18-21 00:18:16.269 [main] TRACE mp2.shared.MEP - first byte:   101000
2022-18-21 00:18:16.271 [main] INFO  mp2.sandbox.App - MEP info: 

Author: 2
TTL: 8
Memberlist:
    ringID 0: vm16 
    ringID 1: vm0 
    ringID 2: vm16 (monitor)
    ringID 3: vm0 
    ringID 4: vm16 (monitor)
    ringID 5: vm0 
    ringID 6: vm16 (monitor)
    ringID 7: vm0 
    ringID 8: vm16 
    ringID 9: vm0 


2022-19-21 00:19:29.008 [main] TRACE mp2.sandbox.App - This is a trace message
2022-19-21 00:19:29.008 [main] INFO  mp2.sandbox.App - This is an info message
2022-19-21 00:19:29.008 [main] WARN  mp2.sandbox.App - This is an error message
2022-19-21 00:19:29.010 [main] ERROR mp2.sandbox.App - This is an error message with format: 3 != 5
2022-19-21 00:19:29.010 [main] FATAL mp2.sandbox.App - This is an fatal msg
2022-19-21 00:19:29.059 [main] INFO  mp2.sandbox.App - Parsed successfully!
2022-19-21 00:19:29.059 [main] INFO  mp2.sandbox.App - Name: MP2 homework
2022-19-21 00:19:29.059 [main] INFO  mp2.sandbox.App - Authors: [Vincent, Phani]
2022-19-21 00:19:29.059 [main] INFO  mp2.sandbox.App - Due date: 924
2022-19-21 00:19:29.059 [main] INFO  mp2.sandbox.App - Current is 1663737569059
2022-19-21 00:19:29.061 [main] TRACE mp2.shared.MEP - first byte:   101000
2022-19-21 00:19:29.062 [main] INFO  mp2.sandbox.App - MEP info: 

Author: 2
TTL: 8
Memberlist:
    ringID 0: vm16 
    ringID 1: vm0 
    ringID 2: vm16 (monitor)
    ringID 3: vm0 
    ringID 4: vm16 (monitor)
    ringID 5: vm0 
    ringID 6: vm16 (monitor)
    ringID 7: vm0 
    ringID 8: vm16 
    ringID 9: vm0 


2022-21-21 00:21:35.289 [main] TRACE mp2.sandbox.App - This is a trace message
2022-21-21 00:21:35.289 [main] INFO  mp2.sandbox.App - This is an info message
2022-21-21 00:21:35.290 [main] WARN  mp2.sandbox.App - This is an error message
2022-21-21 00:21:35.292 [main] ERROR mp2.sandbox.App - This is an error message with format: 3 != 5
2022-21-21 00:21:35.292 [main] FATAL mp2.sandbox.App - This is an fatal msg
2022-21-21 00:21:35.343 [main] INFO  mp2.sandbox.App - Parsed successfully!
2022-21-21 00:21:35.343 [main] INFO  mp2.sandbox.App - Name: MP2 homework
2022-21-21 00:21:35.343 [main] INFO  mp2.sandbox.App - Authors: [Vincent, Phani]
2022-21-21 00:21:35.343 [main] INFO  mp2.sandbox.App - Due date: 924
2022-21-21 00:21:35.343 [main] INFO  mp2.sandbox.App - Current is 1663737695343
2022-21-21 00:21:35.344 [main] TRACE mp2.shared.MEP - first byte:   101000
2022-21-21 00:21:35.345 [main] INFO  mp2.sandbox.App - MEP info: 

Author: 2
TTL: 8
Memberlist:
    ringID 0: vm1 
    ringID 1: vm2 
    ringID 2: vm3 (monitor)
    ringID 3: vm4 
    ringID 4: vm5 (monitor)
    ringID 5: vm6 
    ringID 6: vm7 (monitor)
    ringID 7: vm8 
    ringID 8: vm9 
    ringID 9: vm10 


2022-25-21 00:25:14.941 [main] TRACE mp2.sandbox.App - This is a trace message
2022-25-21 00:25:14.941 [main] INFO  mp2.sandbox.App - This is an info message
2022-25-21 00:25:14.941 [main] WARN  mp2.sandbox.App - This is an error message
2022-25-21 00:25:14.943 [main] ERROR mp2.sandbox.App - This is an error message with format: 3 != 5
2022-25-21 00:25:14.943 [main] FATAL mp2.sandbox.App - This is an fatal msg
2022-25-21 00:25:14.986 [main] INFO  mp2.sandbox.App - Parsed successfully!
2022-25-21 00:25:14.986 [main] INFO  mp2.sandbox.App - Name: MP2 homework
2022-25-21 00:25:14.986 [main] INFO  mp2.sandbox.App - Authors: [Vincent, Phani]
2022-25-21 00:25:14.986 [main] INFO  mp2.sandbox.App - Due date: 924
2022-25-21 00:25:14.987 [main] INFO  mp2.sandbox.App - Current is 1663737914986
2022-25-21 00:25:14.988 [main] TRACE mp2.shared.MEP - first byte:   101000
2022-25-21 00:25:14.989 [main] INFO  mp2.sandbox.App - MEP info: 

Author: 2
TTL: 8
Memberlist:
    ringID 0: vm1 
    ringID 1: vm2 (monitor)
    ringID 2: vm3 
    ringID 3: vm4 (monitor)
    ringID 4: vm5 
    ringID 5: vm6 (monitor)
    ringID 6: vm7 
    ringID 7: vm8 
    ringID 8: vm9 
    ringID 9: vm10 (monitor)


2022-36-21 00:36:13.613 [main] TRACE mp2.sandbox.App - This is a trace message
2022-36-21 00:36:13.613 [main] INFO  mp2.sandbox.App - This is an info message
2022-36-21 00:36:13.613 [main] WARN  mp2.sandbox.App - This is an error message
2022-36-21 00:36:13.616 [main] ERROR mp2.sandbox.App - This is an error message with format: 3 != 5
2022-36-21 00:36:13.616 [main] FATAL mp2.sandbox.App - This is an fatal msg
2022-36-21 00:36:13.656 [main] INFO  mp2.sandbox.App - Parsed successfully!
2022-36-21 00:36:13.656 [main] INFO  mp2.sandbox.App - Name: MP2 homework
2022-36-21 00:36:13.656 [main] INFO  mp2.sandbox.App - Authors: [Vincent, Phani]
2022-36-21 00:36:13.656 [main] INFO  mp2.sandbox.App - Due date: 924
2022-36-21 00:36:13.656 [main] INFO  mp2.sandbox.App - Current is 1663738573656
2022-36-21 00:36:13.658 [main] TRACE mp2.shared.MEP - first byte:   101000
2022-36-21 00:36:38.153 [main] TRACE mp2.sandbox.App - This is a trace message
2022-36-21 00:36:38.153 [main] INFO  mp2.sandbox.App - This is an info message
2022-36-21 00:36:38.153 [main] WARN  mp2.sandbox.App - This is an error message
2022-36-21 00:36:38.155 [main] ERROR mp2.sandbox.App - This is an error message with format: 3 != 5
2022-36-21 00:36:38.155 [main] FATAL mp2.sandbox.App - This is an fatal msg
2022-36-21 00:36:38.203 [main] INFO  mp2.sandbox.App - Parsed successfully!
2022-36-21 00:36:38.203 [main] INFO  mp2.sandbox.App - Name: MP2 homework
2022-36-21 00:36:38.203 [main] INFO  mp2.sandbox.App - Authors: [Vincent, Phani]
2022-36-21 00:36:38.203 [main] INFO  mp2.sandbox.App - Due date: 924
2022-36-21 00:36:38.203 [main] INFO  mp2.sandbox.App - Current is 1663738598203
2022-36-21 00:36:38.204 [main] TRACE mp2.shared.MEP - first byte:   101000
2022-36-21 00:36:59.248 [main] TRACE mp2.sandbox.App - This is a trace message
2022-36-21 00:36:59.248 [main] INFO  mp2.sandbox.App - This is an info message
2022-36-21 00:36:59.248 [main] WARN  mp2.sandbox.App - This is an error message
2022-36-21 00:36:59.250 [main] ERROR mp2.sandbox.App - This is an error message with format: 3 != 5
2022-36-21 00:36:59.250 [main] FATAL mp2.sandbox.App - This is an fatal msg
2022-36-21 00:36:59.292 [main] INFO  mp2.sandbox.App - Parsed successfully!
2022-36-21 00:36:59.292 [main] INFO  mp2.sandbox.App - Name: MP2 homework
2022-36-21 00:36:59.292 [main] INFO  mp2.sandbox.App - Authors: [Vincent, Phani]
2022-36-21 00:36:59.292 [main] INFO  mp2.sandbox.App - Due date: 924
2022-36-21 00:36:59.292 [main] INFO  mp2.sandbox.App - Current is 1663738619292
2022-36-21 00:36:59.293 [main] TRACE mp2.shared.MEP - first byte:   101000
2022-36-21 00:36:59.294 [main] INFO  mp2.sandbox.App - MEP info: 

Author: 2
TTL: 8
Memberlist:
    ringID 0: vm01 
    ringID 1: vm02 (monitor)
    ringID 2: vm03 
    ringID 3: vm04 (monitor)
    ringID 4: vm05 
    ringID 5: vm06 (monitor)
    ringID 6: vm07 
    ringID 7: vm08 
    ringID 8: vm09 
    ringID 9: vm10 (monitor)


2022-11-21 13:11:20.584 [main] TRACE mp2.sandbox.App - This is a trace message
2022-11-21 13:11:20.585 [main] INFO  mp2.sandbox.App - This is an info message
2022-11-21 13:11:20.585 [main] WARN  mp2.sandbox.App - This is an error message
2022-11-21 13:11:20.587 [main] ERROR mp2.sandbox.App - This is an error message with format: 3 != 5
2022-11-21 13:11:20.587 [main] FATAL mp2.sandbox.App - This is an fatal msg
2022-11-21 13:11:20.688 [main] INFO  mp2.sandbox.App - Parsed successfully!
2022-11-21 13:11:20.688 [main] INFO  mp2.sandbox.App - Name: MP2 homework
2022-11-21 13:11:20.688 [main] INFO  mp2.sandbox.App - Authors: [Vincent, Phani]
2022-11-21 13:11:20.688 [main] INFO  mp2.sandbox.App - Due date: 924
2022-11-21 13:11:20.688 [main] INFO  mp2.sandbox.App - Current is 1663783880688
2022-11-21 13:11:20.689 [main] TRACE mp2.shared.MEP - first byte:   101000
2022-11-21 13:11:20.692 [main] INFO  mp2.sandbox.App - MEP info: 

Author: 2
TTL: 8
Memberlist:
    ringID 0: vm01 
    ringID 1: vm02 (monitor)
    ringID 2: vm03 
    ringID 3: vm04 (monitor)
    ringID 4: vm05 
    ringID 5: vm06 (monitor)
    ringID 6: vm07 
    ringID 7: vm08 
    ringID 8: vm09 
    ringID 9: vm10 (monitor)


2022-50-22 02:50:15.088 [main] TRACE mp2.shared.Utils - Host name: kmint-host
2022-52-22 02:52:20.129 [main] TRACE mp2.shared.Utils - Host name: kmint-host
2022-52-22 02:52:20.130 [main] ERROR mp2.shared.Utils - Error getting the host id from host name. This is normal if you're not using uiuc vm.
2022-52-22 02:52:20.130 [main] TRACE mp2.sandbox.App - Host number: -1
2022-54-22 02:54:51.815 [main] TRACE mp2.sandbox.App - Neighbors of 3: [0, 0, 0, 0]
2022-56-22 02:56:01.891 [main] TRACE mp2.shared.MEP - first byte:   101000
2022-56-22 02:56:01.900 [main] INFO  mp2.sandbox.App - MEP info: 

Author: 2
TTL: 8
Memberlist:
    ringID 0: vm01 
    ringID 1: vm02 (monitor)
    ringID 2: vm03 
    ringID 3: vm04 (monitor)
    ringID 4: vm05 
    ringID 5: vm06 (monitor)
    ringID 6: vm07 
    ringID 7: vm08 
    ringID 8: vm09 
    ringID 9: vm10 (monitor)


2022-56-22 02:56:01.900 [main] TRACE mp2.shared.MEP - first byte:   101000
2022-56-22 02:56:01.901 [main] TRACE mp2.shared.Ring - Member list initialized to: [1, 2, 3, 4, 5, 6, 7, 8, 9, 10]
2022-56-22 02:56:01.901 [main] TRACE mp2.sandbox.App - Neighbors of 3: [2, 3, 5, 6]
2022-00-22 03:00:34.977 [main] TRACE mp2.shared.MEP - first byte:   101000
2022-00-22 03:00:34.981 [main] INFO  mp2.sandbox.App - MEP info: 

Author: 2
TTL: 8
Memberlist:
    ringID 0: vm01 
    ringID 1: vm02 (monitor)
    ringID 2: vm03 
    ringID 3: vm04 (monitor)
    ringID 4: vm05 
    ringID 5: vm06 (monitor)
    ringID 6: vm07 
    ringID 7: vm08 
    ringID 8: vm09 
    ringID 9: vm10 (monitor)


2022-00-22 03:00:34.981 [main] TRACE mp2.shared.MEP - first byte:   101000
2022-00-22 03:00:34.982 [main] TRACE mp2.shared.Ring - Member list set to: [1, 2, 3, 4, 5, 6, 7, 8, 9, 10]
2022-00-22 03:00:34.982 [main] TRACE mp2.sandbox.App - Neighbors of 3: [2, 3, 5, 6]
2022-01-22 03:01:48.092 [main] TRACE mp2.shared.MEP - first byte:   101000
2022-01-22 03:01:48.097 [main] INFO  mp2.sandbox.App - MEP info: 

Author: 2
TTL: 8
Memberlist:
    ringID 0: vm01 
    ringID 1: vm02 (monitor)
    ringID 2: vm03 
    ringID 3: vm04 (monitor)
    ringID 4: vm05 
    ringID 5: vm06 (monitor)
    ringID 6: vm07 
    ringID 7: vm08 
    ringID 8: vm09 
    ringID 9: vm10 (monitor)


2022-01-22 03:01:48.097 [main] TRACE mp2.shared.MEP - first byte:   101000
2022-01-22 03:01:48.099 [main] TRACE mp2.shared.Ring - Member list set to: [1, 2, 3, 4, 5, 6, 7, 8, 9, 10]
2022-01-22 03:01:48.099 [main] TRACE mp2.sandbox.App - Neighbors of 3: [1, 2, 4, 5]
2022-47-22 13:47:40.114 [main] TRACE mp2.shared.MEP - first byte:   101000
2022-47-22 13:47:40.117 [main] INFO  mp2.sandbox.App - MEP info: 

Author: 2
TTL: 8
Memberlist:
    ringID 0: vm01 
    ringID 1: vm02 (monitor)
    ringID 2: vm03 
    ringID 3: vm04 (monitor)
    ringID 4: vm05 
    ringID 5: vm06 (monitor)
    ringID 6: vm07 
    ringID 7: vm08 
    ringID 8: vm09 
    ringID 9: vm10 (monitor)


2022-47-22 13:47:40.117 [main] TRACE mp2.shared.MEP - first byte:   101000
2022-47-22 13:47:40.145 [main] TRACE mp2.shared.Ring - Member list set to: [1, 2, 3, 4, 5, 6, 7, 8, 9, 10]
2022-47-22 13:47:40.146 [main] TRACE mp2.sandbox.App - Neighbors of ringID 3: [2, 3, 5, 6]
2022-10-22 14:10:44.038 [main] TRACE mp2.shared.MEP - first byte:   101000
2022-11-22 14:11:14.636 [main] TRACE mp2.shared.MEP - first byte:   101000
2022-12-22 14:12:19.893 [main] TRACE mp2.shared.MEP - Byte array length: %d
2022-12-22 14:12:19.894 [main] TRACE mp2.shared.MEP - first byte:   101000
2022-12-22 14:12:33.090 [main] TRACE mp2.shared.MEP - Byte array length: 8
2022-12-22 14:12:33.091 [main] TRACE mp2.shared.MEP - first byte:   101000
2022-13-22 14:13:15.189 [main] TRACE mp2.shared.MEP - Byte array length: 8
2022-13-22 14:13:15.191 [main] TRACE mp2.shared.MEP - first byte:   101000
2022-13-22 14:13:41.054 [main] TRACE mp2.shared.MEP - Byte array length: 8
2022-13-22 14:13:41.054 [main] TRACE mp2.shared.MEP - show: [40, 18, 52, 86, 120, -102, 84, 64]
2022-13-22 14:13:41.055 [main] TRACE mp2.shared.MEP - first byte:   101000
2022-14-22 14:14:38.091 [main] TRACE mp2.shared.MEP - Byte array length: 16
2022-14-22 14:14:38.092 [main] TRACE mp2.shared.MEP - show: [40, 18, 52, 86, 120, -102, 84, 64, 0, 0, 1, -125, 102, -102, 72, -5]
2022-14-22 14:14:38.092 [main] TRACE mp2.shared.MEP - first byte:   101000
2022-14-22 14:14:38.102 [main] INFO  mp2.sandbox.App - MEP info: 

Author: 2
Sent at: Thu Sep 22 14:08:50 CDT 2022
TTL: 8
Memberlist:
    ringID 0: vm01 
    ringID 1: vm02 (monitor)
    ringID 2: vm03 
    ringID 3: vm04 (monitor)
    ringID 4: vm05 
    ringID 5: vm06 (monitor)
    ringID 6: vm07 
    ringID 7: vm08 
    ringID 8: vm09 
    ringID 9: vm10 (monitor)


2022-14-22 14:14:38.102 [main] TRACE mp2.shared.MEP - Byte array length: 16
2022-14-22 14:14:38.102 [main] TRACE mp2.shared.MEP - show: [40, 18, 52, 86, 120, -102, 84, 64, 0, 0, 1, -125, 102, -102, 72, -5]
2022-14-22 14:14:38.102 [main] TRACE mp2.shared.MEP - first byte:   101000
2022-14-22 14:14:38.104 [main] TRACE mp2.shared.Ring - Member list set to: [1, 2, 3, 4, 5, 6, 7, 8, 9, 10]
2022-14-22 14:14:38.104 [main] TRACE mp2.sandbox.App - Neighbors of ringID 3: [2, 3, 5, 6]
2022-28-22 17:28:51.337 [main] TRACE mp2.shared.MEP - first byte:   101000
2022-30-22 17:30:13.692 [main] TRACE mp2.shared.MEP - first byte:   101000
2022-31-22 17:31:09.577 [main] TRACE mp2.shared.MEP - first byte:   101000
2022-31-22 17:31:09.589 [main] INFO  mp2.shared.Ring - Ring set to: [Entity 1: Not a monitor, Entity 2: Is a monitor, Entity 3: Not a monitor, Entity 4: Is a monitor, Entity 5: Not a monitor, Entity 6: Is a monitor, Entity 7: Not a monitor, Entity 8: Not a monitor, Entity 9: Not a monitor, Entity 10: Is a monitor]
2022-31-22 17:31:09.605 [main] INFO  mp2.sandbox.App - MEP info: 

Author: 2
Sent at: Thu Sep 22 14:08:50 CDT 2022
TTL: 8
Ring:
    ringID 0: vm01 
    ringID 1: vm02 (monitor)
    ringID 2: vm03 
    ringID 3: vm04 (monitor)
    ringID 4: vm05 
    ringID 5: vm06 (monitor)
    ringID 6: vm07 
    ringID 7: vm08 
    ringID 8: vm09 
    ringID 9: vm10 (monitor)


2022-31-22 17:31:09.605 [main] TRACE mp2.shared.MEP - first byte:   101000
2022-31-22 17:31:09.607 [main] INFO  mp2.shared.Ring - Ring set to: [Entity 1: Not a monitor, Entity 2: Is a monitor, Entity 3: Not a monitor, Entity 4: Is a monitor, Entity 5: Not a monitor, Entity 6: Is a monitor, Entity 7: Not a monitor, Entity 8: Not a monitor, Entity 9: Not a monitor, Entity 10: Is a monitor]
2022-31-22 17:31:09.608 [main] TRACE mp2.sandbox.App - Neighbors of ringID 3: [Entity 3: Not a monitor, Entity 6: Is a monitor, Entity 2: Is a monitor, Entity 5: Not a monitor]
2022-32-22 17:32:00.935 [main] TRACE mp2.shared.MEP - first byte:   101000
2022-32-22 17:32:00.939 [main] INFO  mp2.shared.Ring - Ring set to: [Entity 1, Entity 2 (monitor), Entity 3, Entity 4 (monitor), Entity 5, Entity 6 (monitor), Entity 7, Entity 8, Entity 9, Entity 10 (monitor)]
2022-32-22 17:32:00.948 [main] INFO  mp2.sandbox.App - MEP info: 

Author: 2
Sent at: Thu Sep 22 14:08:50 CDT 2022
TTL: 8
Ring:
    ringID 0: vm01 
    ringID 1: vm02 (monitor)
    ringID 2: vm03 
    ringID 3: vm04 (monitor)
    ringID 4: vm05 
    ringID 5: vm06 (monitor)
    ringID 6: vm07 
    ringID 7: vm08 
    ringID 8: vm09 
    ringID 9: vm10 (monitor)


2022-32-22 17:32:00.948 [main] TRACE mp2.shared.MEP - first byte:   101000
2022-32-22 17:32:00.949 [main] INFO  mp2.shared.Ring - Ring set to: [Entity 1, Entity 2 (monitor), Entity 3, Entity 4 (monitor), Entity 5, Entity 6 (monitor), Entity 7, Entity 8, Entity 9, Entity 10 (monitor)]
2022-32-22 17:32:00.950 [main] TRACE mp2.sandbox.App - Neighbors of ringID 3: [Entity 3, Entity 6 (monitor), Entity 2 (monitor), Entity 5]
2022-40-22 17:40:32.040 [main] TRACE mp2.shared.MEP - first byte:   101000
2022-40-22 17:40:32.046 [main] INFO  mp2.shared.Ring - Ring set to: [Entity 1, Entity 2 (monitor), Entity 3, Entity 4 (monitor), Entity 5, Entity 6 (monitor), Entity 7, Entity 8, Entity 9, Entity 10 (monitor)]
2022-40-22 17:40:32.058 [main] INFO  mp2.sandbox.App - MEP info: 

Author: 2
Sent at: Thu Sep 22 14:08:50 CDT 2022
TTL: 8
Ring:
    ringID 0: vm01 
    ringID 1: vm02 (monitor)
    ringID 2: vm03 
    ringID 3: vm04 (monitor)
    ringID 4: vm05 
    ringID 5: vm06 (monitor)
    ringID 6: vm07 
    ringID 7: vm08 
    ringID 8: vm09 
    ringID 9: vm10 (monitor)


2022-40-22 17:40:32.058 [main] TRACE mp2.shared.MEP - first byte:   101000
2022-40-22 17:40:32.059 [main] INFO  mp2.shared.Ring - Ring set to: [Entity 1, Entity 2 (monitor), Entity 3, Entity 4 (monitor), Entity 5, Entity 6 (monitor), Entity 7, Entity 8, Entity 9, Entity 10 (monitor)]
2022-40-22 17:40:32.061 [main] TRACE mp2.sandbox.App - [Entity 1, Entity 2 (monitor), Entity 3, Entity 4 (monitor), Entity 5, Entity 6 (monitor), Entity 7, Entity 8, Entity 9, Entity 10 (monitor)]
2022-40-22 17:40:32.062 [main] TRACE mp2.sandbox.App - Neighbors of ringID 3: [Entity 3, Entity 6 (monitor), Entity 2 (monitor), Entity 5]
2022-41-22 17:41:05.974 [main] TRACE mp2.shared.MEP - first byte:   101000
2022-41-22 17:41:05.979 [main] INFO  mp2.shared.Ring - Ring set to: [Entity 1, Entity 2 (monitor), Entity 3, Entity 4 (monitor), Entity 5, Entity 6 (monitor), Entity 7, Entity 8, Entity 9, Entity 10 (monitor)]
2022-41-22 17:41:05.993 [main] INFO  mp2.sandbox.App - MEP info: 

Author: 2
Sent at: Thu Sep 22 14:08:50 CDT 2022
TTL: 8
Ring:
    ringID 0: vm01 
    ringID 1: vm02 (monitor)
    ringID 2: vm03 
    ringID 3: vm04 (monitor)
    ringID 4: vm05 
    ringID 5: vm06 (monitor)
    ringID 6: vm07 
    ringID 7: vm08 
    ringID 8: vm09 
    ringID 9: vm10 (monitor)


2022-41-22 17:41:05.993 [main] TRACE mp2.shared.MEP - first byte:   101000
2022-41-22 17:41:05.994 [main] INFO  mp2.shared.Ring - Ring set to: [Entity 1, Entity 2 (monitor), Entity 3, Entity 4 (monitor), Entity 5, Entity 6 (monitor), Entity 7, Entity 8, Entity 9, Entity 10 (monitor)]
2022-41-22 17:41:05.997 [main] TRACE mp2.sandbox.App - [Entity 1, Entity 2 (monitor), Entity 3, Entity 4 (monitor), Entity 5, Entity 6 (monitor), Entity 7, Entity 8, Entity 9, Entity 10 (monitor)]
2022-41-22 17:41:05.997 [main] TRACE mp2.sandbox.App - Equal? false
2022-41-22 17:41:05.997 [main] TRACE mp2.sandbox.App - Neighbors of ringID 3: [Entity 3, Entity 6 (monitor), Entity 2 (monitor), Entity 5]
2022-41-22 17:41:50.714 [main] TRACE mp2.shared.MEP - first byte:   101000
2022-41-22 17:41:50.721 [main] INFO  mp2.shared.Ring - Ring set to: [Entity 1, Entity 2 (monitor), Entity 3, Entity 4 (monitor), Entity 5, Entity 6 (monitor), Entity 7, Entity 8, Entity 9, Entity 10 (monitor)]
2022-41-22 17:41:50.733 [main] INFO  mp2.sandbox.App - MEP info: 

Author: 2
Sent at: Thu Sep 22 14:08:50 CDT 2022
TTL: 8
Ring:
    ringID 0: vm01 
    ringID 1: vm02 (monitor)
    ringID 2: vm03 
    ringID 3: vm04 (monitor)
    ringID 4: vm05 
    ringID 5: vm06 (monitor)
    ringID 6: vm07 
    ringID 7: vm08 
    ringID 8: vm09 
    ringID 9: vm10 (monitor)


2022-41-22 17:41:50.733 [main] TRACE mp2.shared.MEP - first byte:   101000
2022-41-22 17:41:50.734 [main] INFO  mp2.shared.Ring - Ring set to: [Entity 1, Entity 2 (monitor), Entity 3, Entity 4 (monitor), Entity 5, Entity 6 (monitor), Entity 7, Entity 8, Entity 9, Entity 10 (monitor)]
2022-41-22 17:41:50.736 [main] TRACE mp2.sandbox.App - [Entity 1, Entity 2 (monitor), Entity 3, Entity 4 (monitor), Entity 5, Entity 6 (monitor), Entity 7, Entity 8, Entity 9, Entity 10 (monitor)]
2022-41-22 17:41:50.737 [main] TRACE mp2.sandbox.App - Equal? false
2022-41-22 17:41:50.737 [main] TRACE mp2.sandbox.App - Neighbors of ringID 3: [Entity 3, Entity 6 (monitor), Entity 2 (monitor), Entity 5]
2022-42-22 17:42:30.777 [main] TRACE mp2.shared.MEP - first byte:   101000
2022-42-22 17:42:30.787 [main] INFO  mp2.shared.Ring - Ring set to: [Entity 1, Entity 2 (monitor), Entity 3, Entity 4 (monitor), Entity 5, Entity 6 (monitor), Entity 7, Entity 8, Entity 9, Entity 10 (monitor)]
2022-42-22 17:42:30.797 [main] INFO  mp2.sandbox.App - MEP info: 

Author: 2
Sent at: Thu Sep 22 14:08:50 CDT 2022
TTL: 8
Ring:
    ringID 0: vm01 
    ringID 1: vm02 (monitor)
    ringID 2: vm03 
    ringID 3: vm04 (monitor)
    ringID 4: vm05 
    ringID 5: vm06 (monitor)
    ringID 6: vm07 
    ringID 7: vm08 
    ringID 8: vm09 
    ringID 9: vm10 (monitor)


2022-42-22 17:42:30.798 [main] TRACE mp2.shared.MEP - first byte:   101000
2022-42-22 17:42:30.798 [main] INFO  mp2.shared.Ring - Ring set to: [Entity 1, Entity 2 (monitor), Entity 3, Entity 4 (monitor), Entity 5, Entity 6 (monitor), Entity 7, Entity 8, Entity 9, Entity 10 (monitor)]
2022-42-22 17:42:30.801 [main] TRACE mp2.sandbox.App - [Entity 1, Entity 2 (monitor), Entity 3, Entity 4 (monitor), Entity 5, Entity 6 (monitor), Entity 7, Entity 8, Entity 9, Entity 10 (monitor)]
2022-42-22 17:42:30.801 [main] TRACE mp2.shared.Ring - Equals called!
2022-42-22 17:42:30.801 [main] TRACE mp2.sandbox.App - Equal? true
2022-42-22 17:42:30.802 [main] TRACE mp2.sandbox.App - Neighbors of ringID 3: [Entity 3, Entity 6 (monitor), Entity 2 (monitor), Entity 5]
2022-43-22 17:43:03.611 [main] TRACE mp2.shared.MEP - first byte:   101000
2022-43-22 17:43:03.617 [main] INFO  mp2.shared.Ring - Ring set to: [Entity 1, Entity 2 (monitor), Entity 3, Entity 4 (monitor), Entity 5, Entity 6 (monitor), Entity 7, Entity 8, Entity 9, Entity 10 (monitor)]
2022-43-22 17:43:03.627 [main] INFO  mp2.sandbox.App - MEP info: 

Author: 2
Sent at: Thu Sep 22 14:08:50 CDT 2022
TTL: 8
Ring:
    ringID 0: vm01 
    ringID 1: vm02 (monitor)
    ringID 2: vm03 
    ringID 3: vm04 (monitor)
    ringID 4: vm05 
    ringID 5: vm06 (monitor)
    ringID 6: vm07 
    ringID 7: vm08 
    ringID 8: vm09 
    ringID 9: vm10 (monitor)


2022-43-22 17:43:03.627 [main] TRACE mp2.shared.MEP - first byte:   101000
2022-43-22 17:43:03.627 [main] INFO  mp2.shared.Ring - Ring set to: [Entity 1, Entity 2 (monitor), Entity 3, Entity 4 (monitor), Entity 5, Entity 6 (monitor), Entity 7, Entity 8, Entity 9, Entity 10 (monitor)]
2022-43-22 17:43:03.629 [main] TRACE mp2.sandbox.App - [Entity 1, Entity 2 (monitor), Entity 3, Entity 4 (monitor), Entity 5, Entity 6 (monitor), Entity 7, Entity 8, Entity 9, Entity 10 (monitor)]
2022-43-22 17:43:03.629 [main] TRACE mp2.shared.Ring - Equals called!
2022-43-22 17:43:03.629 [main] TRACE mp2.sandbox.App - Equal? true
2022-43-22 17:43:03.629 [main] TRACE mp2.shared.Ring - Equals called!
2022-43-22 17:43:03.629 [main] TRACE mp2.sandbox.App - Contains? true
2022-43-22 17:43:03.630 [main] TRACE mp2.sandbox.App - Neighbors of ringID 3: [Entity 3, Entity 6 (monitor), Entity 2 (monitor), Entity 5]
2022-44-22 17:44:35.359 [main] TRACE mp2.shared.MEP - first byte:   101000
2022-44-22 17:44:35.371 [main] INFO  mp2.shared.Ring - Ring set to: [Entity 1, Entity 2 (monitor), Entity 3, Entity 4 (monitor), Entity 5, Entity 6 (monitor), Entity 7, Entity 8, Entity 9, Entity 10 (monitor)]
2022-44-22 17:44:35.383 [main] INFO  mp2.sandbox.App - MEP info: 

Author: 2
Sent at: Thu Sep 22 14:08:50 CDT 2022
TTL: 8
Ring:
    ringID 0: vm01 
    ringID 1: vm02 (monitor)
    ringID 2: vm03 
    ringID 3: vm04 (monitor)
    ringID 4: vm05 
    ringID 5: vm06 (monitor)
    ringID 6: vm07 
    ringID 7: vm08 
    ringID 8: vm09 
    ringID 9: vm10 (monitor)


2022-44-22 17:44:35.383 [main] TRACE mp2.shared.MEP - first byte:   101000
2022-44-22 17:44:35.384 [main] INFO  mp2.shared.Ring - Ring set to: [Entity 1, Entity 2 (monitor), Entity 3, Entity 4 (monitor), Entity 5, Entity 6 (monitor), Entity 7, Entity 8, Entity 9, Entity 10 (monitor)]
2022-44-22 17:44:35.386 [main] TRACE mp2.sandbox.App - [Entity 1, Entity 2 (monitor), Entity 3, Entity 4 (monitor), Entity 5, Entity 6 (monitor), Entity 7, Entity 8, Entity 9, Entity 10 (monitor)]
2022-44-22 17:44:35.386 [main] TRACE mp2.shared.Ring - Equals called!
2022-44-22 17:44:35.386 [main] TRACE mp2.sandbox.App - Equal? true
2022-44-22 17:44:35.386 [main] TRACE mp2.sandbox.App - Neighbors of ringID 3: [Entity 3, Entity 6 (monitor), Entity 2 (monitor), Entity 5]
2022-44-22 17:44:35.386 [main] TRACE mp2.sandbox.App - [Entity 6 (monitor), Entity 7, Entity 9, Entity 10 (monitor)]
2022-44-22 17:44:35.386 [main] TRACE mp2.sandbox.App - Contains? false
2022-47-22 17:47:27.870 [main] TRACE mp2.shared.MEP - first byte:   101000
2022-47-22 17:47:27.876 [main] INFO  mp2.shared.Ring - Ring set to: [Entity 1, Entity 2 (monitor), Entity 3, Entity 4 (monitor), Entity 5, Entity 6 (monitor), Entity 7, Entity 8, Entity 9, Entity 10 (monitor)]
2022-47-22 17:47:27.888 [main] INFO  mp2.sandbox.App - MEP info: 

Author: 2
Sent at: Thu Sep 22 14:08:50 CDT 2022
TTL: 8
Ring:
    ringID 0: vm01 
    ringID 1: vm02 (monitor)
    ringID 2: vm03 
    ringID 3: vm04 (monitor)
    ringID 4: vm05 
    ringID 5: vm06 (monitor)
    ringID 6: vm07 
    ringID 7: vm08 
    ringID 8: vm09 
    ringID 9: vm10 (monitor)


2022-47-22 17:47:27.888 [main] TRACE mp2.shared.MEP - first byte:   101000
2022-47-22 17:47:27.888 [main] INFO  mp2.shared.Ring - Ring set to: [Entity 1, Entity 2 (monitor), Entity 3, Entity 4 (monitor), Entity 5, Entity 6 (monitor), Entity 7, Entity 8, Entity 9, Entity 10 (monitor)]
2022-47-22 17:47:27.890 [main] TRACE mp2.shared.Ring - Get n items iter: 3, 2, Left
2022-47-22 17:47:27.892 [main] TRACE mp2.shared.Ring - Poiint to 3
2022-47-22 17:47:27.893 [main] TRACE mp2.shared.Ring - Entity at pointer is: Entity 3
2022-47-22 17:47:27.893 [main] TRACE mp2.shared.Ring - Poiint to 2
2022-47-22 17:47:27.893 [main] TRACE mp2.shared.Ring - Entity at pointer is: Entity 2 (monitor)
2022-47-22 17:47:27.893 [main] TRACE mp2.shared.Ring - Poiint to 1
2022-47-22 17:47:27.893 [main] TRACE mp2.shared.Ring - Get n items iter: 3, 2, Right
2022-47-22 17:47:27.893 [main] TRACE mp2.shared.Ring - Poiint to 3
2022-47-22 17:47:27.893 [main] TRACE mp2.shared.Ring - Entity at pointer is: Entity 5
2022-47-22 17:47:27.893 [main] TRACE mp2.shared.Ring - Poiint to 4
2022-47-22 17:47:27.894 [main] TRACE mp2.shared.Ring - Entity at pointer is: Entity 6 (monitor)
2022-47-22 17:47:27.894 [main] TRACE mp2.shared.Ring - Poiint to 5
2022-47-22 17:47:27.895 [main] TRACE mp2.sandbox.App - [Entity 1, Entity 2 (monitor), Entity 3, Entity 4 (monitor), Entity 5, Entity 6 (monitor), Entity 7, Entity 8, Entity 9, Entity 10 (monitor)]
2022-47-22 17:47:27.895 [main] TRACE mp2.shared.Ring - Equals called!
2022-47-22 17:47:27.896 [main] TRACE mp2.sandbox.App - Equal? true
2022-47-22 17:47:27.896 [main] TRACE mp2.sandbox.App - Neighbors of ringID 3: [Entity 3, Entity 6 (monitor), Entity 2 (monitor), Entity 5]
2022-47-22 17:47:27.896 [main] TRACE mp2.shared.Ring - Get n items iter: 7, 2, Left
2022-47-22 17:47:27.896 [main] TRACE mp2.shared.Ring - Poiint to 7
2022-47-22 17:47:27.897 [main] TRACE mp2.shared.Ring - Entity at pointer is: Entity 7
2022-47-22 17:47:27.897 [main] TRACE mp2.shared.Ring - Poiint to 6
2022-47-22 17:47:27.897 [main] TRACE mp2.shared.Ring - Entity at pointer is: Entity 6 (monitor)
2022-47-22 17:47:27.897 [main] TRACE mp2.shared.Ring - Poiint to 5
2022-47-22 17:47:27.897 [main] TRACE mp2.shared.Ring - Get n items iter: 7, 2, Right
2022-47-22 17:47:27.897 [main] TRACE mp2.shared.Ring - Poiint to 7
2022-47-22 17:47:27.897 [main] TRACE mp2.shared.Ring - Entity at pointer is: Entity 9
2022-47-22 17:47:27.897 [main] TRACE mp2.shared.Ring - Poiint to 8
2022-47-22 17:47:27.898 [main] TRACE mp2.shared.Ring - Entity at pointer is: Entity 10 (monitor)
2022-47-22 17:47:27.898 [main] TRACE mp2.shared.Ring - Poiint to 9
2022-47-22 17:47:27.898 [main] TRACE mp2.sandbox.App - [Entity 6 (monitor), Entity 7, Entity 9, Entity 10 (monitor)]
2022-47-22 17:47:27.898 [main] TRACE mp2.sandbox.App - Contains? false
2022-48-22 17:48:37.406 [main] TRACE mp2.shared.MEP - first byte:   101000
2022-48-22 17:48:37.411 [main] INFO  mp2.shared.Ring - Ring set to: [Entity 1, Entity 2 (monitor), Entity 3, Entity 4 (monitor), Entity 5, Entity 6 (monitor), Entity 7, Entity 8, Entity 9, Entity 10 (monitor)]
2022-48-22 17:48:37.414 [main] TRACE mp2.shared.Ring - Get n items iter: 3, 2, Left
2022-48-22 17:48:37.414 [main] TRACE mp2.shared.Ring - Poiint to 3
2022-48-22 17:48:37.414 [main] TRACE mp2.shared.Ring - Entity at pointer is: Entity 3
2022-48-22 17:48:37.414 [main] TRACE mp2.shared.Ring - Poiint to 2
2022-48-22 17:48:37.414 [main] TRACE mp2.shared.Ring - Entity at pointer is: Entity 2 (monitor)
2022-48-22 17:48:37.414 [main] TRACE mp2.shared.Ring - Poiint to 1
2022-48-22 17:48:37.414 [main] TRACE mp2.shared.Ring - Get n items iter: 3, 2, Right
2022-48-22 17:48:37.414 [main] TRACE mp2.shared.Ring - Poiint to 3
2022-48-22 17:48:37.414 [main] TRACE mp2.shared.Ring - Entity at pointer is: Entity 5
2022-48-22 17:48:37.414 [main] TRACE mp2.shared.Ring - Poiint to 4
2022-48-22 17:48:37.414 [main] TRACE mp2.shared.Ring - Entity at pointer is: Entity 6 (monitor)
2022-48-22 17:48:37.414 [main] TRACE mp2.shared.Ring - Poiint to 5
2022-48-22 17:48:37.416 [main] TRACE mp2.sandbox.App - [Entity 1, Entity 2 (monitor), Entity 3, Entity 4 (monitor), Entity 5, Entity 6 (monitor), Entity 7, Entity 8, Entity 9, Entity 10 (monitor)]
2022-48-22 17:48:37.416 [main] TRACE mp2.shared.Ring - Equals called!
2022-48-22 17:48:37.416 [main] TRACE mp2.sandbox.App - Equal? true
2022-48-22 17:48:37.417 [main] TRACE mp2.sandbox.App - Neighbors of ringID 3: [Entity 5, Entity 2 (monitor), Entity 3, Entity 6 (monitor)]
2022-48-22 17:48:37.417 [main] TRACE mp2.shared.Ring - Get n items iter: 7, 2, Left
2022-48-22 17:48:37.417 [main] TRACE mp2.shared.Ring - Poiint to 7
2022-48-22 17:48:37.417 [main] TRACE mp2.shared.Ring - Entity at pointer is: Entity 7
2022-48-22 17:48:37.417 [main] TRACE mp2.shared.Ring - Poiint to 6
2022-48-22 17:48:37.417 [main] TRACE mp2.shared.Ring - Entity at pointer is: Entity 6 (monitor)
2022-48-22 17:48:37.417 [main] TRACE mp2.shared.Ring - Poiint to 5
2022-48-22 17:48:37.417 [main] TRACE mp2.shared.Ring - Get n items iter: 7, 2, Right
2022-48-22 17:48:37.417 [main] TRACE mp2.shared.Ring - Poiint to 7
2022-48-22 17:48:37.417 [main] TRACE mp2.shared.Ring - Entity at pointer is: Entity 9
2022-48-22 17:48:37.417 [main] TRACE mp2.shared.Ring - Poiint to 8
2022-48-22 17:48:37.418 [main] TRACE mp2.shared.Ring - Entity at pointer is: Entity 10 (monitor)
2022-48-22 17:48:37.418 [main] TRACE mp2.shared.Ring - Poiint to 9
2022-48-22 17:48:37.418 [main] TRACE mp2.sandbox.App - [Entity 9, Entity 7, Entity 10 (monitor), Entity 6 (monitor)]
2022-48-22 17:48:37.418 [main] TRACE mp2.sandbox.App - Contains? false
2022-49-22 17:49:52.025 [main] TRACE mp2.shared.MEP - first byte:   101000
2022-49-22 17:49:52.030 [main] INFO  mp2.shared.Ring - Ring set to: [Entity 1, Entity 2 (monitor), Entity 3, Entity 4 (monitor), Entity 5, Entity 6 (monitor), Entity 7, Entity 8, Entity 9, Entity 10 (monitor)]
2022-49-22 17:49:52.035 [main] TRACE mp2.shared.Ring - Get n items iter: 3, 2, Left
2022-49-22 17:49:52.035 [main] TRACE mp2.shared.Ring - Poiint to 2
2022-49-22 17:49:52.035 [main] TRACE mp2.shared.Ring - Entity at pointer is: Entity 3
2022-49-22 17:49:52.035 [main] TRACE mp2.shared.Ring - Poiint to 1
2022-49-22 17:49:52.035 [main] TRACE mp2.shared.Ring - Entity at pointer is: Entity 2 (monitor)
2022-49-22 17:49:52.035 [main] TRACE mp2.shared.Ring - Poiint to 0
2022-49-22 17:49:52.035 [main] TRACE mp2.shared.Ring - Get n items iter: 3, 2, Right
2022-49-22 17:49:52.035 [main] TRACE mp2.shared.Ring - Poiint to 4
2022-49-22 17:49:52.035 [main] TRACE mp2.shared.Ring - Entity at pointer is: Entity 5
2022-49-22 17:49:52.035 [main] TRACE mp2.shared.Ring - Poiint to 5
2022-49-22 17:49:52.035 [main] TRACE mp2.shared.Ring - Entity at pointer is: Entity 6 (monitor)
2022-49-22 17:49:52.035 [main] TRACE mp2.shared.Ring - Poiint to 6
2022-49-22 17:49:52.037 [main] TRACE mp2.sandbox.App - [Entity 1, Entity 2 (monitor), Entity 3, Entity 4 (monitor), Entity 5, Entity 6 (monitor), Entity 7, Entity 8, Entity 9, Entity 10 (monitor)]
2022-49-22 17:49:52.037 [main] TRACE mp2.shared.Ring - Equals called!
2022-49-22 17:49:52.037 [main] TRACE mp2.sandbox.App - Equal? true
2022-49-22 17:49:52.037 [main] TRACE mp2.sandbox.App - Neighbors of ringID 3: [Entity 5, Entity 2 (monitor), Entity 3, Entity 6 (monitor)]
2022-49-22 17:49:52.037 [main] TRACE mp2.shared.Ring - Get n items iter: 7, 2, Left
2022-49-22 17:49:52.037 [main] TRACE mp2.shared.Ring - Poiint to 6
2022-49-22 17:49:52.037 [main] TRACE mp2.shared.Ring - Entity at pointer is: Entity 7
2022-49-22 17:49:52.037 [main] TRACE mp2.shared.Ring - Poiint to 5
2022-49-22 17:49:52.038 [main] TRACE mp2.shared.Ring - Entity at pointer is: Entity 6 (monitor)
2022-49-22 17:49:52.038 [main] TRACE mp2.shared.Ring - Poiint to 4
2022-49-22 17:49:52.038 [main] TRACE mp2.shared.Ring - Get n items iter: 7, 2, Right
2022-49-22 17:49:52.038 [main] TRACE mp2.shared.Ring - Poiint to 8
2022-49-22 17:49:52.038 [main] TRACE mp2.shared.Ring - Entity at pointer is: Entity 9
2022-49-22 17:49:52.038 [main] TRACE mp2.shared.Ring - Poiint to 9
2022-49-22 17:49:52.038 [main] TRACE mp2.shared.Ring - Entity at pointer is: Entity 10 (monitor)
2022-49-22 17:49:52.038 [main] TRACE mp2.shared.Ring - Poiint to 0
2022-49-22 17:49:52.038 [main] TRACE mp2.sandbox.App - [Entity 9, Entity 7, Entity 10 (monitor), Entity 6 (monitor)]
2022-49-22 17:49:52.038 [main] TRACE mp2.sandbox.App - Contains? false
2022-51-22 17:51:38.399 [main] TRACE mp2.shared.MEP - first byte:   101000
2022-51-22 17:51:38.405 [main] INFO  mp2.shared.Ring - Ring set to: [Entity 1, Entity 2 (monitor), Entity 3, Entity 4 (monitor), Entity 5, Entity 6 (monitor), Entity 7, Entity 8, Entity 9, Entity 10 (monitor)]
2022-51-22 17:51:38.407 [main] TRACE mp2.shared.Ring - Get n items iter: 3, 2, Left
2022-51-22 17:51:38.407 [main] TRACE mp2.shared.Ring - Poiint to 2
2022-51-22 17:51:38.408 [main] TRACE mp2.shared.Ring - Entity at pointer is: Entity 3
2022-51-22 17:51:38.408 [main] TRACE mp2.shared.Ring - Poiint to 1
2022-51-22 17:51:38.408 [main] TRACE mp2.shared.Ring - Entity at pointer is: Entity 2 (monitor)
2022-51-22 17:51:38.408 [main] TRACE mp2.shared.Ring - Poiint to 0
2022-51-22 17:51:38.408 [main] TRACE mp2.shared.Ring - Get n items iter: 3, 2, Right
2022-51-22 17:51:38.408 [main] TRACE mp2.shared.Ring - Poiint to 4
2022-51-22 17:51:38.408 [main] TRACE mp2.shared.Ring - Entity at pointer is: Entity 5
2022-51-22 17:51:38.408 [main] TRACE mp2.shared.Ring - Poiint to 5
2022-51-22 17:51:38.408 [main] TRACE mp2.shared.Ring - Entity at pointer is: Entity 6 (monitor)
2022-51-22 17:51:38.408 [main] TRACE mp2.shared.Ring - Poiint to 6
2022-51-22 17:51:38.410 [main] TRACE mp2.sandbox.App - [Entity 1, Entity 2 (monitor), Entity 3, Entity 4 (monitor), Entity 5, Entity 6 (monitor), Entity 7, Entity 8, Entity 9, Entity 10 (monitor)]
2022-51-22 17:51:38.410 [main] TRACE mp2.shared.Ring - Equals called!
2022-51-22 17:51:38.410 [main] TRACE mp2.sandbox.App - Equal? true
2022-51-22 17:51:38.410 [main] TRACE mp2.sandbox.App - Neighbors of ringID 3: [Entity 5, Entity 2 (monitor), Entity 3, Entity 6 (monitor)]
2022-51-22 17:51:38.410 [main] TRACE mp2.shared.Ring - Get n items iter: 7, 2, Left
2022-51-22 17:51:38.411 [main] TRACE mp2.shared.Ring - Poiint to 6
2022-51-22 17:51:38.411 [main] TRACE mp2.shared.Ring - Entity at pointer is: Entity 7
2022-51-22 17:51:38.411 [main] TRACE mp2.shared.Ring - Poiint to 5
2022-51-22 17:51:38.411 [main] TRACE mp2.shared.Ring - Entity at pointer is: Entity 6 (monitor)
2022-51-22 17:51:38.411 [main] TRACE mp2.shared.Ring - Poiint to 4
2022-51-22 17:51:38.411 [main] TRACE mp2.shared.Ring - Get n items iter: 7, 2, Right
2022-51-22 17:51:38.411 [main] TRACE mp2.shared.Ring - Poiint to 8
2022-51-22 17:51:38.411 [main] TRACE mp2.shared.Ring - Entity at pointer is: Entity 9
2022-51-22 17:51:38.411 [main] TRACE mp2.shared.Ring - Poiint to 9
2022-51-22 17:51:38.411 [main] TRACE mp2.shared.Ring - Entity at pointer is: Entity 10 (monitor)
2022-51-22 17:51:38.411 [main] TRACE mp2.shared.Ring - Poiint to 0
2022-51-22 17:51:38.412 [main] TRACE mp2.sandbox.App - [Entity 9, Entity 7, Entity 10 (monitor), Entity 6 (monitor)]
2022-51-22 17:51:38.412 [main] TRACE mp2.sandbox.App - Contains? false
2022-56-22 17:56:47.514 [main] TRACE mp2.shared.MEP - first byte:   101000
2022-56-22 17:56:47.520 [main] INFO  mp2.shared.Ring - Ring set to: [Entity 1, Entity 2 (monitor), Entity 3, Entity 4 (monitor), Entity 5, Entity 6 (monitor), Entity 7, Entity 8, Entity 9, Entity 10 (monitor)]
2022-56-22 17:56:47.522 [main] TRACE mp2.shared.Ring - Get n items iter: 3, 2, Left
2022-56-22 17:56:47.522 [main] TRACE mp2.shared.Ring - Poiint to 2
2022-56-22 17:56:47.522 [main] TRACE mp2.shared.Ring - Entity at pointer is: Entity 3
2022-56-22 17:56:47.522 [main] TRACE mp2.shared.Ring - Poiint to 1
2022-56-22 17:56:47.523 [main] TRACE mp2.shared.Ring - Entity at pointer is: Entity 2 (monitor)
2022-56-22 17:56:47.523 [main] TRACE mp2.shared.Ring - Poiint to 0
2022-56-22 17:56:47.523 [main] TRACE mp2.shared.Ring - Get n items iter: 3, 2, Right
2022-56-22 17:56:47.523 [main] TRACE mp2.shared.Ring - Poiint to 4
2022-56-22 17:56:47.523 [main] TRACE mp2.shared.Ring - Entity at pointer is: Entity 5
2022-56-22 17:56:47.523 [main] TRACE mp2.shared.Ring - Poiint to 5
2022-56-22 17:56:47.523 [main] TRACE mp2.shared.Ring - Entity at pointer is: Entity 6 (monitor)
2022-56-22 17:56:47.523 [main] TRACE mp2.shared.Ring - Poiint to 6
2022-56-22 17:56:47.525 [main] TRACE mp2.sandbox.App - [Entity 1, Entity 2 (monitor), Entity 3, Entity 4 (monitor), Entity 5, Entity 6 (monitor), Entity 7, Entity 8, Entity 9, Entity 10 (monitor)]
2022-56-22 17:56:47.525 [main] TRACE mp2.shared.Ring - Equals called!
2022-56-22 17:56:47.525 [main] TRACE mp2.sandbox.App - Equal? true
2022-56-22 17:56:47.525 [main] TRACE mp2.sandbox.App - Neighbors of ringID 3: [Entity 5, Entity 2 (monitor), Entity 3, Entity 6 (monitor)]
2022-56-22 17:56:47.526 [main] TRACE mp2.shared.Ring - Get n items iter: 7, 2, Left
2022-56-22 17:56:47.526 [main] TRACE mp2.shared.Ring - Poiint to 6
2022-56-22 17:56:47.526 [main] TRACE mp2.shared.Ring - Entity at pointer is: Entity 7
2022-56-22 17:56:47.526 [main] TRACE mp2.shared.Ring - Poiint to 5
2022-56-22 17:56:47.526 [main] TRACE mp2.shared.Ring - Entity at pointer is: Entity 6 (monitor)
2022-56-22 17:56:47.526 [main] TRACE mp2.shared.Ring - Poiint to 4
2022-56-22 17:56:47.526 [main] TRACE mp2.shared.Ring - Get n items iter: 7, 2, Right
2022-56-22 17:56:47.526 [main] TRACE mp2.shared.Ring - Poiint to 8
2022-56-22 17:56:47.526 [main] TRACE mp2.shared.Ring - Entity at pointer is: Entity 9
2022-56-22 17:56:47.526 [main] TRACE mp2.shared.Ring - Poiint to 9
2022-56-22 17:56:47.526 [main] TRACE mp2.shared.Ring - Entity at pointer is: Entity 10 (monitor)
2022-56-22 17:56:47.526 [main] TRACE mp2.shared.Ring - Poiint to 0
2022-56-22 17:56:47.526 [main] TRACE mp2.sandbox.App - [Entity 9, Entity 7, Entity 10 (monitor), Entity 6 (monitor)]
2022-56-22 17:56:47.527 [main] TRACE mp2.sandbox.App - Contains? false
2022-02-22 18:02:11.855 [main] TRACE mp2.shared.MEP - first byte:   101000
2022-02-22 18:02:11.865 [main] INFO  mp2.shared.Ring - Ring set to: [Entity 1, Entity 2 (monitor), Entity 3, Entity 4 (monitor), Entity 5, Entity 6 (monitor), Entity 7, Entity 8, Entity 9, Entity 10 (monitor)]
2022-02-22 18:02:11.869 [main] TRACE mp2.shared.Ring - Get n items iter: 3, 2, Left
2022-02-22 18:02:11.877 [main] TRACE mp2.shared.Ring - Poiint to 2
2022-02-22 18:02:11.877 [main] TRACE mp2.shared.Ring - Entity at pointer is: Entity 3
2022-02-22 18:02:11.877 [main] TRACE mp2.shared.Ring - Poiint to 1
2022-02-22 18:02:11.877 [main] TRACE mp2.shared.Ring - Entity at pointer is: Entity 2 (monitor)
2022-02-22 18:02:11.878 [main] TRACE mp2.shared.Ring - Poiint to 0
2022-02-22 18:02:11.878 [main] TRACE mp2.shared.Ring - Get n items iter: 3, 2, Right
2022-02-22 18:02:11.878 [main] TRACE mp2.shared.Ring - Poiint to 4
2022-02-22 18:02:11.878 [main] TRACE mp2.shared.Ring - Entity at pointer is: Entity 5
2022-02-22 18:02:11.878 [main] TRACE mp2.shared.Ring - Poiint to 5
2022-02-22 18:02:11.878 [main] TRACE mp2.shared.Ring - Entity at pointer is: Entity 6 (monitor)
2022-02-22 18:02:11.878 [main] TRACE mp2.shared.Ring - Poiint to 6
2022-02-22 18:02:11.880 [main] TRACE mp2.sandbox.App - [Entity 1, Entity 2 (monitor), Entity 3, Entity 4 (monitor), Entity 5, Entity 6 (monitor), Entity 7, Entity 8, Entity 9, Entity 10 (monitor)]
2022-02-22 18:02:11.880 [main] TRACE mp2.shared.Ring - Equals called!
2022-02-22 18:02:11.880 [main] TRACE mp2.sandbox.App - Equal? true
2022-02-22 18:02:11.881 [main] TRACE mp2.sandbox.App - Neighbors of ringID 3: [Entity 5, Entity 3, Entity 6 (monitor), Entity 2 (monitor)]
2022-02-22 18:02:11.881 [main] TRACE mp2.shared.Ring - Get n items iter: 7, 2, Left
2022-02-22 18:02:11.881 [main] TRACE mp2.shared.Ring - Poiint to 6
2022-02-22 18:02:11.881 [main] TRACE mp2.shared.Ring - Entity at pointer is: Entity 7
2022-02-22 18:02:11.881 [main] TRACE mp2.shared.Ring - Poiint to 5
2022-02-22 18:02:11.881 [main] TRACE mp2.shared.Ring - Entity at pointer is: Entity 6 (monitor)
2022-02-22 18:02:11.881 [main] TRACE mp2.shared.Ring - Poiint to 4
2022-02-22 18:02:11.881 [main] TRACE mp2.shared.Ring - Get n items iter: 7, 2, Right
2022-02-22 18:02:11.881 [main] TRACE mp2.shared.Ring - Poiint to 8
2022-02-22 18:02:11.881 [main] TRACE mp2.shared.Ring - Entity at pointer is: Entity 9
2022-02-22 18:02:11.881 [main] TRACE mp2.shared.Ring - Poiint to 9
2022-02-22 18:02:11.881 [main] TRACE mp2.shared.Ring - Entity at pointer is: Entity 10 (monitor)
2022-02-22 18:02:11.881 [main] TRACE mp2.shared.Ring - Poiint to 0
2022-02-22 18:02:11.882 [main] TRACE mp2.sandbox.App - [Entity 10 (monitor), Entity 6 (monitor), Entity 9, Entity 7]
2022-02-22 18:02:11.882 [main] TRACE mp2.sandbox.App - Contains? false
2022-02-22 18:02:22.830 [main] TRACE mp2.shared.MEP - first byte:   101000
2022-02-22 18:02:22.836 [main] INFO  mp2.shared.Ring - Ring set to: [Entity 1, Entity 2 (monitor), Entity 3, Entity 4 (monitor), Entity 5, Entity 6 (monitor), Entity 7, Entity 8, Entity 9, Entity 10 (monitor)]
2022-02-22 18:02:22.839 [main] TRACE mp2.shared.Ring - Get n items iter: 3, 2, Left
2022-02-22 18:02:22.839 [main] TRACE mp2.shared.Ring - Poiint to 2
2022-02-22 18:02:22.839 [main] TRACE mp2.shared.Ring - Entity at pointer is: Entity 3
2022-02-22 18:02:22.839 [main] TRACE mp2.shared.Ring - Poiint to 1
2022-02-22 18:02:22.839 [main] TRACE mp2.shared.Ring - Entity at pointer is: Entity 2 (monitor)
2022-02-22 18:02:22.839 [main] TRACE mp2.shared.Ring - Equals called!
2022-02-22 18:02:22.839 [main] TRACE mp2.shared.Ring - Poiint to 0
2022-02-22 18:02:22.839 [main] TRACE mp2.shared.Ring - Equals called!
2022-02-22 18:02:22.839 [main] TRACE mp2.shared.Ring - Get n items iter: 3, 2, Right
2022-02-22 18:02:22.839 [main] TRACE mp2.shared.Ring - Poiint to 4
2022-02-22 18:02:22.840 [main] TRACE mp2.shared.Ring - Entity at pointer is: Entity 5
2022-02-22 18:02:22.840 [main] TRACE mp2.shared.Ring - Poiint to 5
2022-02-22 18:02:22.840 [main] TRACE mp2.shared.Ring - Entity at pointer is: Entity 6 (monitor)
2022-02-22 18:02:22.840 [main] TRACE mp2.shared.Ring - Equals called!
2022-02-22 18:02:22.840 [main] TRACE mp2.shared.Ring - Poiint to 6
2022-02-22 18:02:22.840 [main] TRACE mp2.shared.Ring - Equals called!
2022-02-22 18:02:22.840 [main] TRACE mp2.shared.Ring - Equals called!
2022-02-22 18:02:22.840 [main] TRACE mp2.shared.Ring - Equals called!
2022-02-22 18:02:22.840 [main] TRACE mp2.shared.Ring - Equals called!
2022-02-22 18:02:22.840 [main] TRACE mp2.shared.Ring - Equals called!
2022-02-22 18:02:22.843 [main] TRACE mp2.sandbox.App - [Entity 1, Entity 2 (monitor), Entity 3, Entity 4 (monitor), Entity 5, Entity 6 (monitor), Entity 7, Entity 8, Entity 9, Entity 10 (monitor)]
2022-02-22 18:02:22.844 [main] TRACE mp2.shared.Ring - Equals called!
2022-02-22 18:02:22.844 [main] TRACE mp2.sandbox.App - Equal? true
2022-02-22 18:02:22.844 [main] TRACE mp2.sandbox.App - Neighbors of ringID 3: [Entity 3, Entity 2 (monitor), Entity 5, Entity 6 (monitor)]
2022-02-22 18:02:22.844 [main] TRACE mp2.shared.Ring - Get n items iter: 7, 2, Left
2022-02-22 18:02:22.844 [main] TRACE mp2.shared.Ring - Poiint to 6
2022-02-22 18:02:22.844 [main] TRACE mp2.shared.Ring - Entity at pointer is: Entity 7
2022-02-22 18:02:22.844 [main] TRACE mp2.shared.Ring - Poiint to 5
2022-02-22 18:02:22.844 [main] TRACE mp2.shared.Ring - Entity at pointer is: Entity 6 (monitor)
2022-02-22 18:02:22.844 [main] TRACE mp2.shared.Ring - Equals called!
2022-02-22 18:02:22.844 [main] TRACE mp2.shared.Ring - Poiint to 4
2022-02-22 18:02:22.844 [main] TRACE mp2.shared.Ring - Equals called!
2022-02-22 18:02:22.845 [main] TRACE mp2.shared.Ring - Get n items iter: 7, 2, Right
2022-02-22 18:02:22.845 [main] TRACE mp2.shared.Ring - Poiint to 8
2022-02-22 18:02:22.845 [main] TRACE mp2.shared.Ring - Entity at pointer is: Entity 9
2022-02-22 18:02:22.845 [main] TRACE mp2.shared.Ring - Poiint to 9
2022-02-22 18:02:22.845 [main] TRACE mp2.shared.Ring - Entity at pointer is: Entity 10 (monitor)
2022-02-22 18:02:22.845 [main] TRACE mp2.shared.Ring - Equals called!
2022-02-22 18:02:22.845 [main] TRACE mp2.shared.Ring - Poiint to 0
2022-02-22 18:02:22.845 [main] TRACE mp2.shared.Ring - Equals called!
2022-02-22 18:02:22.845 [main] TRACE mp2.shared.Ring - Equals called!
2022-02-22 18:02:22.845 [main] TRACE mp2.shared.Ring - Equals called!
2022-02-22 18:02:22.845 [main] TRACE mp2.shared.Ring - Equals called!
2022-02-22 18:02:22.845 [main] TRACE mp2.shared.Ring - Equals called!
2022-02-22 18:02:22.845 [main] TRACE mp2.sandbox.App - [Entity 7, Entity 6 (monitor), Entity 9, Entity 10 (monitor)]
2022-02-22 18:02:22.845 [main] TRACE mp2.shared.Ring - Equals called!
2022-02-22 18:02:22.845 [main] TRACE mp2.shared.Ring - Equals called!
2022-02-22 18:02:22.845 [main] TRACE mp2.shared.Ring - Equals called!
2022-02-22 18:02:22.845 [main] TRACE mp2.shared.Ring - Equals called!
2022-02-22 18:02:22.846 [main] TRACE mp2.sandbox.App - Contains? true
2022-02-22 18:02:53.093 [main] TRACE mp2.shared.MEP - first byte:   101000
2022-02-22 18:02:53.102 [main] INFO  mp2.shared.Ring - Ring set to: [Entity 1, Entity 2 (monitor), Entity 3, Entity 4 (monitor), Entity 5, Entity 6 (monitor), Entity 7, Entity 8, Entity 9, Entity 10 (monitor)]
2022-02-22 18:02:53.105 [main] TRACE mp2.shared.Ring - Get n items iter: 3, 2, Left
2022-02-22 18:02:53.105 [main] TRACE mp2.shared.Ring - Poiint to 2
2022-02-22 18:02:53.106 [main] TRACE mp2.shared.Ring - Entity at pointer is: Entity 3
2022-02-22 18:02:53.106 [main] TRACE mp2.shared.Ring - Poiint to 1
2022-02-22 18:02:53.106 [main] TRACE mp2.shared.Ring - Entity at pointer is: Entity 2 (monitor)
2022-02-22 18:02:53.106 [main] TRACE mp2.shared.Ring - Poiint to 0
2022-02-22 18:02:53.106 [main] TRACE mp2.shared.Ring - Get n items iter: 3, 2, Right
2022-02-22 18:02:53.106 [main] TRACE mp2.shared.Ring - Poiint to 4
2022-02-22 18:02:53.106 [main] TRACE mp2.shared.Ring - Entity at pointer is: Entity 5
2022-02-22 18:02:53.106 [main] TRACE mp2.shared.Ring - Poiint to 5
2022-02-22 18:02:53.106 [main] TRACE mp2.shared.Ring - Entity at pointer is: Entity 6 (monitor)
2022-02-22 18:02:53.106 [main] TRACE mp2.shared.Ring - Poiint to 6
2022-02-22 18:02:53.107 [main] TRACE mp2.sandbox.App - [Entity 1, Entity 2 (monitor), Entity 3, Entity 4 (monitor), Entity 5, Entity 6 (monitor), Entity 7, Entity 8, Entity 9, Entity 10 (monitor)]
2022-02-22 18:02:53.108 [main] TRACE mp2.shared.Ring - Equals called!
2022-02-22 18:02:53.108 [main] TRACE mp2.sandbox.App - Equal? true
2022-02-22 18:02:53.108 [main] TRACE mp2.sandbox.App - Neighbors of ringID 3: [Entity 2 (monitor), Entity 3, Entity 5, Entity 6 (monitor)]
2022-02-22 18:02:53.108 [main] TRACE mp2.shared.Ring - Get n items iter: 7, 2, Left
2022-02-22 18:02:53.108 [main] TRACE mp2.shared.Ring - Poiint to 6
2022-02-22 18:02:53.108 [main] TRACE mp2.shared.Ring - Entity at pointer is: Entity 7
2022-02-22 18:02:53.108 [main] TRACE mp2.shared.Ring - Poiint to 5
2022-02-22 18:02:53.108 [main] TRACE mp2.shared.Ring - Entity at pointer is: Entity 6 (monitor)
2022-02-22 18:02:53.108 [main] TRACE mp2.shared.Ring - Poiint to 4
2022-02-22 18:02:53.108 [main] TRACE mp2.shared.Ring - Get n items iter: 7, 2, Right
2022-02-22 18:02:53.109 [main] TRACE mp2.shared.Ring - Poiint to 8
2022-02-22 18:02:53.109 [main] TRACE mp2.shared.Ring - Entity at pointer is: Entity 9
2022-02-22 18:02:53.109 [main] TRACE mp2.shared.Ring - Poiint to 9
2022-02-22 18:02:53.109 [main] TRACE mp2.shared.Ring - Entity at pointer is: Entity 10 (monitor)
2022-02-22 18:02:53.109 [main] TRACE mp2.shared.Ring - Poiint to 0
2022-02-22 18:02:53.109 [main] TRACE mp2.sandbox.App - [Entity 6 (monitor), Entity 7, Entity 9, Entity 10 (monitor)]
2022-02-22 18:02:53.109 [main] TRACE mp2.shared.Ring - Equals called!
2022-02-22 18:02:53.110 [main] TRACE mp2.sandbox.App - Contains? true
2022-28-23 13:28:31.181 [main] TRACE mp2.sandbox.App - This is a trace message
2022-28-23 13:28:31.181 [main] INFO  mp2.sandbox.App - This is an info message
2022-28-23 13:28:31.181 [main] WARN  mp2.sandbox.App - This is an error message
2022-28-23 13:28:31.183 [main] ERROR mp2.sandbox.App - This is an error message with format: 3 != 5
2022-28-23 13:28:31.183 [main] FATAL mp2.sandbox.App - This is an fatal msg
2022-28-23 13:28:31.228 [main] INFO  mp2.sandbox.App - Parsed successfully!
2022-28-23 13:28:31.228 [main] INFO  mp2.sandbox.App - Name: MP2 homework
2022-28-23 13:28:31.228 [main] INFO  mp2.sandbox.App - Authors: [Vincent, Phani]
2022-28-23 13:28:31.228 [main] INFO  mp2.sandbox.App - Due date: 924
2022-28-23 13:28:31.229 [main] INFO  mp2.sandbox.App - Current is 1663957711229
2022-12-23 18:12:51.365 [main] TRACE mp2.sandbox.App - This is a trace message
2022-12-23 18:12:51.365 [main] INFO  mp2.sandbox.App - This is an info message
2022-12-23 18:12:51.365 [main] WARN  mp2.sandbox.App - This is an error message
2022-12-23 18:12:51.368 [main] ERROR mp2.sandbox.App - This is an error message with format: 3 != 5
2022-12-23 18:12:51.368 [main] FATAL mp2.sandbox.App - This is an fatal msg
2022-12-23 18:12:51.420 [main] INFO  mp2.sandbox.App - Parsed successfully!
2022-12-23 18:12:51.420 [main] INFO  mp2.sandbox.App - Name: MP2 homework
2022-12-23 18:12:51.420 [main] INFO  mp2.sandbox.App - Authors: [Vincent, Phani]
2022-12-23 18:12:51.420 [main] INFO  mp2.sandbox.App - Due date: 924
2022-12-23 18:12:51.420 [main] INFO  mp2.sandbox.App - Current is 1663974771420
2022-17-23 18:17:21.164 [main] TRACE mp2.sandbox.App - This is a trace message
2022-17-23 18:17:21.164 [main] INFO  mp2.sandbox.App - This is an info message
2022-17-23 18:17:21.164 [main] WARN  mp2.sandbox.App - This is an error message
2022-17-23 18:17:21.167 [main] ERROR mp2.sandbox.App - This is an error message with format: 3 != 5
2022-17-23 18:17:21.167 [main] FATAL mp2.sandbox.App - This is an fatal msg
2022-17-23 18:17:21.252 [main] INFO  mp2.sandbox.App - Parsed successfully!
2022-17-23 18:17:21.253 [main] INFO  mp2.sandbox.App - Name: MP2 homework
2022-17-23 18:17:21.253 [main] INFO  mp2.sandbox.App - Authors: [Vincent, Phani]
2022-17-23 18:17:21.253 [main] INFO  mp2.sandbox.App - Due date: 924
2022-17-23 18:17:21.253 [main] INFO  mp2.sandbox.App - Current is 1663975041253
2022-17-23 18:17:21.286 [main] INFO  mp2.sandbox.App - date: 2022-09-23T18:17:21.253-0500
2022-17-23 18:17:57.050 [main] TRACE mp2.sandbox.App - This is a trace message
2022-17-23 18:17:57.050 [main] INFO  mp2.sandbox.App - This is an info message
2022-17-23 18:17:57.050 [main] WARN  mp2.sandbox.App - This is an error message
2022-17-23 18:17:57.052 [main] ERROR mp2.sandbox.App - This is an error message with format: 3 != 5
2022-17-23 18:17:57.052 [main] FATAL mp2.sandbox.App - This is an fatal msg
2022-17-23 18:17:57.098 [main] INFO  mp2.sandbox.App - Parsed successfully!
2022-17-23 18:17:57.098 [main] INFO  mp2.sandbox.App - Name: MP2 homework
2022-17-23 18:17:57.098 [main] INFO  mp2.sandbox.App - Authors: [Vincent, Phani]
2022-17-23 18:17:57.098 [main] INFO  mp2.sandbox.App - Due date: 924
2022-17-23 18:17:57.098 [main] INFO  mp2.sandbox.App - Current is 1663975077098
2022-17-23 18:17:57.105 [main] INFO  mp2.sandbox.App - date: Fri Sep 23 18:17:57 CDT 2022
